<?xml version="1.0" encoding="utf-8" ?>
<!DOCTYPE html PUBLIC "-//W3C//DTD XHTML 1.0 Strict//EN"
        "http://www.w3.org/TR/xhtml1/DTD/xhtml1-strict.dtd">
<html xmlns="http://www.w3.org/1999/xhtml" xml:lang="" lang="">
<head>
  <title>Test Results Report - Desktop Test</title>
  <meta http-equiv="Content-Type" content="text/html;charset=utf-8" />
  <meta name="description" content="TestNG unit test results." />
  <link href="reportng.css" rel="stylesheet" type="text/css" />
    <script type="text/javascript" src="reportng.js"></script>
</head>
<body>
<h1>Desktop Test</h1>
<p>
  Test duration: 176.753s
</p>



  <table class="resultsTable">
    <tr><th colspan="3" class="header failed">Failed Tests</th></tr>
          <tr>
        <td colspan="3" class="group">com.tutorial.demo.testsuite.LaptopAndNotebooksTest</td>
      </tr>
            
<tr>
  <td class="method">
                  verifyThatUserPlaceOrderSuccessfully
      </td>
  <td class="duration">
    11.523s
  </td>
  <td class="result">
        
    
            <div class="testOutput">
                        Click to see screenshot
                                <a target = "_blank" href=C:\Users\Manas Vibhakar\IdeaProjects\tutpftv/test-output/html/verifyThatUserPlaceOrderSuccessfullyTue_Dec_13_21_17_37_GMT_2022.jpg>Screenshot</a>
                                <br>
                                <br>
                                <a target = "_blank" href=C:\Users\Manas Vibhakar\IdeaProjects\tutpftv/test-output/html/verifyThatUserPlaceOrderSuccessfullyTue_Dec_13_21_17_37_GMT_2022.jpg><img src=C:\Users\Manas Vibhakar\IdeaProjects\tutpftv/test-output/html/verifyThatUserPlaceOrderSuccessfullyTue_Dec_13_21_17_37_GMT_2022.jpg height=200 width=200></img></a>
                  </div>
    

        <a href="javascript:toggleElement('exception-0', 'block')" title="Click to expand/collapse"><b>java.lang.AssertionError: Error Message not displayed expected [New Customer] but found []</b></a><br />
    <div class="stackTrace" id="exception-0">
              org.testng.Assert.fail(Assert.java:110)<br />
              org.testng.Assert.failNotEquals(Assert.java:1413)<br />
              org.testng.Assert.assertEqualsImpl(Assert.java:149)<br />
              org.testng.Assert.assertEquals(Assert.java:131)<br />
              org.testng.Assert.assertEquals(Assert.java:655)<br />
              com.tutorial.demo.testsuite.LaptopAndNotebooksTest.verifyThatUserPlaceOrderSuccessfully(LaptopAndNotebooksTest.java:74)<br />
              sun.reflect.NativeMethodAccessorImpl.invoke0(Native Method)<br />
              sun.reflect.NativeMethodAccessorImpl.invoke(NativeMethodAccessorImpl.java:62)<br />
              sun.reflect.DelegatingMethodAccessorImpl.invoke(DelegatingMethodAccessorImpl.java:43)<br />
              java.lang.reflect.Method.invoke(Method.java:498)<br />
              org.testng.internal.invokers.MethodInvocationHelper.invokeMethod(MethodInvocationHelper.java:135)<br />
              org.testng.internal.invokers.TestInvoker.invokeMethod(TestInvoker.java:673)<br />
              org.testng.internal.invokers.TestInvoker.invokeTestMethod(TestInvoker.java:220)<br />
              org.testng.internal.invokers.MethodRunner.runInSequence(MethodRunner.java:50)<br />
              org.testng.internal.invokers.TestInvoker$MethodInvocationAgent.invoke(TestInvoker.java:945)<br />
              org.testng.internal.invokers.TestInvoker.invokeTestMethods(TestInvoker.java:193)<br />
              org.testng.internal.invokers.TestMethodWorker.invokeTestMethods(TestMethodWorker.java:146)<br />
              org.testng.internal.invokers.TestMethodWorker.run(TestMethodWorker.java:128)<br />
              java.util.ArrayList.forEach(ArrayList.java:1249)<br />
              org.testng.TestRunner.privateRun(TestRunner.java:808)<br />
              org.testng.TestRunner.run(TestRunner.java:603)<br />
              org.testng.SuiteRunner.runTest(SuiteRunner.java:429)<br />
              org.testng.SuiteRunner.runSequentially(SuiteRunner.java:423)<br />
              org.testng.SuiteRunner.privateRun(SuiteRunner.java:383)<br />
              org.testng.SuiteRunner.run(SuiteRunner.java:326)<br />
              org.testng.SuiteRunnerWorker.runSuite(SuiteRunnerWorker.java:52)<br />
              org.testng.SuiteRunnerWorker.run(SuiteRunnerWorker.java:95)<br />
              org.testng.TestNG.runSuitesSequentially(TestNG.java:1249)<br />
              org.testng.TestNG.runSuitesLocally(TestNG.java:1169)<br />
              org.testng.TestNG.runSuites(TestNG.java:1092)<br />
              org.testng.TestNG.run(TestNG.java:1060)<br />
              com.intellij.rt.testng.IDEARemoteTestNG.run(IDEARemoteTestNG.java:66)<br />
              com.intellij.rt.testng.RemoteTestNGStarter.main(RemoteTestNGStarter.java:109)<br />
                </div>
      </td>
</tr>
          <tr>
        <td colspan="3" class="group">com.tutorial.demo.testsuite.MyAccountTest</td>
      </tr>
            
<tr>
  <td class="method">
                  verifyThatUserRegisterAccountSuccessfully
      </td>
  <td class="duration">
    42.539s
  </td>
  <td class="result">
        
    
            <div class="testOutput">
                        Click to see screenshot
                                <a target = "_blank" href=C:\Users\Manas Vibhakar\IdeaProjects\tutpftv/test-output/html/verifyThatUserRegisterAccountSuccessfullyTue_Dec_13_21_18_26_GMT_2022.jpg>Screenshot</a>
                                <br>
                                <br>
                                <a target = "_blank" href=C:\Users\Manas Vibhakar\IdeaProjects\tutpftv/test-output/html/verifyThatUserRegisterAccountSuccessfullyTue_Dec_13_21_18_26_GMT_2022.jpg><img src=C:\Users\Manas Vibhakar\IdeaProjects\tutpftv/test-output/html/verifyThatUserRegisterAccountSuccessfullyTue_Dec_13_21_18_26_GMT_2022.jpg height=200 width=200></img></a>
                  </div>
    

        <a href="javascript:toggleElement('exception-1', 'block')" title="Click to expand/collapse"><b>org.openqa.selenium.NoSuchElementException: no such element: Unable to locate element: {&quot;method&quot;:&quot;xpath&quot;,&quot;selector&quot;:&quot;//h1[contains(text(),&apos;Your Account Has Been Created!&apos;)]&quot;}<br/>
&nbsp; (Session info: chrome=108.0.5359.99)<br/>
For documentation on this error, please visit: https://selenium.dev/exceptions/#no_such_element<br/>
Build info: version: &apos;4.6.0&apos;, revision: &apos;79f1c02ae20&apos;<br/>
System info: os.name: &apos;Windows 10&apos;, os.arch: &apos;amd64&apos;, os.version: &apos;10.0&apos;, java.version: &apos;1.8.0_121&apos;<br/>
Driver info: org.openqa.selenium.chrome.ChromeDriver<br/>
Command: [6fc351cfbdbe6deaf88df82bd700ebd4, findElement {using=xpath, value=//h1[contains(text(),&apos;Your Account Has Been Created!&apos;)]}]<br/>
Capabilities {acceptInsecureCerts: false, browserName: chrome, browserVersion: 108.0.5359.99, chrome: {chromedriverVersion: 108.0.5359.71 (1e0e3868ee06..., userDataDir: C:\Users\MANASV~1\AppData\L...}, goog:chromeOptions: {debuggerAddress: localhost:50217}, networkConnectionEnabled: false, pageLoadStrategy: normal, platformName: WINDOWS, proxy: Proxy(), se:cdp: ws://localhost:50217/devtoo..., se:cdpVersion: 108.0.5359.99, setWindowRect: true, strictFileInteractability: false, timeouts: {implicit: 0, pageLoad: 300000, script: 30000}, unhandledPromptBehavior: dismiss and notify, webauthn:extension:credBlob: true, webauthn:extension:largeBlob: true, webauthn:virtualAuthenticators: true}<br/>
Session ID: 6fc351cfbdbe6deaf88df82bd700ebd4</b></a><br />
    <div class="stackTrace" id="exception-1">
              sun.reflect.NativeConstructorAccessorImpl.newInstance0(Native Method)<br />
              sun.reflect.NativeConstructorAccessorImpl.newInstance(NativeConstructorAccessorImpl.java:62)<br />
              sun.reflect.DelegatingConstructorAccessorImpl.newInstance(DelegatingConstructorAccessorImpl.java:45)<br />
              java.lang.reflect.Constructor.newInstance(Constructor.java:423)<br />
              org.openqa.selenium.remote.codec.w3c.W3CHttpResponseCodec.createException(W3CHttpResponseCodec.java:200)<br />
              org.openqa.selenium.remote.codec.w3c.W3CHttpResponseCodec.decode(W3CHttpResponseCodec.java:133)<br />
              org.openqa.selenium.remote.codec.w3c.W3CHttpResponseCodec.decode(W3CHttpResponseCodec.java:53)<br />
              org.openqa.selenium.remote.HttpCommandExecutor.execute(HttpCommandExecutor.java:184)<br />
              org.openqa.selenium.remote.service.DriverCommandExecutor.invokeExecute(DriverCommandExecutor.java:167)<br />
              org.openqa.selenium.remote.service.DriverCommandExecutor.execute(DriverCommandExecutor.java:142)<br />
              org.openqa.selenium.remote.RemoteWebDriver.execute(RemoteWebDriver.java:541)<br />
              org.openqa.selenium.remote.ElementLocation$ElementFinder$2.findElement(ElementLocation.java:162)<br />
              org.openqa.selenium.remote.ElementLocation.findElement(ElementLocation.java:60)<br />
              org.openqa.selenium.remote.RemoteWebDriver.findElement(RemoteWebDriver.java:365)<br />
              org.openqa.selenium.remote.RemoteWebDriver.findElement(RemoteWebDriver.java:357)<br />
              org.openqa.selenium.support.pagefactory.DefaultElementLocator.findElement(DefaultElementLocator.java:70)<br />
              org.openqa.selenium.support.pagefactory.internal.LocatingElementHandler.invoke(LocatingElementHandler.java:39)<br />
              com.sun.proxy.$Proxy14.getText(Unknown Source)<br />
              com.tutorial.demo.utility.Utility.getTextFromElement(Utility.java:64)<br />
              com.tutorial.demo.pages.MyAccount.getVerifyMessage(MyAccount.java:99)<br />
              com.tutorial.demo.testsuite.MyAccountTest.verifyThatUserRegisterAccountSuccessfully(MyAccountTest.java:57)<br />
              sun.reflect.NativeMethodAccessorImpl.invoke0(Native Method)<br />
              sun.reflect.NativeMethodAccessorImpl.invoke(NativeMethodAccessorImpl.java:62)<br />
              sun.reflect.DelegatingMethodAccessorImpl.invoke(DelegatingMethodAccessorImpl.java:43)<br />
              java.lang.reflect.Method.invoke(Method.java:498)<br />
              org.testng.internal.invokers.MethodInvocationHelper.invokeMethod(MethodInvocationHelper.java:135)<br />
              org.testng.internal.invokers.TestInvoker.invokeMethod(TestInvoker.java:673)<br />
              org.testng.internal.invokers.TestInvoker.invokeTestMethod(TestInvoker.java:220)<br />
              org.testng.internal.invokers.MethodRunner.runInSequence(MethodRunner.java:50)<br />
              org.testng.internal.invokers.TestInvoker$MethodInvocationAgent.invoke(TestInvoker.java:945)<br />
              org.testng.internal.invokers.TestInvoker.invokeTestMethods(TestInvoker.java:193)<br />
              org.testng.internal.invokers.TestMethodWorker.invokeTestMethods(TestMethodWorker.java:146)<br />
              org.testng.internal.invokers.TestMethodWorker.run(TestMethodWorker.java:128)<br />
              java.util.ArrayList.forEach(ArrayList.java:1249)<br />
              org.testng.TestRunner.privateRun(TestRunner.java:808)<br />
              org.testng.TestRunner.run(TestRunner.java:603)<br />
              org.testng.SuiteRunner.runTest(SuiteRunner.java:429)<br />
              org.testng.SuiteRunner.runSequentially(SuiteRunner.java:423)<br />
              org.testng.SuiteRunner.privateRun(SuiteRunner.java:383)<br />
              org.testng.SuiteRunner.run(SuiteRunner.java:326)<br />
              org.testng.SuiteRunnerWorker.runSuite(SuiteRunnerWorker.java:52)<br />
              org.testng.SuiteRunnerWorker.run(SuiteRunnerWorker.java:95)<br />
              org.testng.TestNG.runSuitesSequentially(TestNG.java:1249)<br />
              org.testng.TestNG.runSuitesLocally(TestNG.java:1169)<br />
              org.testng.TestNG.runSuites(TestNG.java:1092)<br />
              org.testng.TestNG.run(TestNG.java:1060)<br />
              com.intellij.rt.testng.IDEARemoteTestNG.run(IDEARemoteTestNG.java:66)<br />
              com.intellij.rt.testng.RemoteTestNGStarter.main(RemoteTestNGStarter.java:109)<br />
                </div>
      </td>
</tr>
      </table>


  <table class="resultsTable">
    <tr><th colspan="3" class="header passed">Passed Tests</th></tr>
          <tr>
        <td colspan="3" class="group">com.tutorial.demo.testsuite.DesktopTest</td>
      </tr>
            
<tr>
  <td class="method">
                  verifyProductAddedToShoppingCartSuccessFully
      </td>
  <td class="duration">
    26.370s
  </td>
  <td class="result">
        
    
        

      </td>
</tr>
<tr>
  <td class="method">
                  verifyProductArrangeInAlphabeticalOrder
      </td>
  <td class="duration">
    2.499s
  </td>
  <td class="result">
        
    
        

      </td>
</tr>
          <tr>
        <td colspan="3" class="group">com.tutorial.demo.testsuite.HomePageTest</td>
      </tr>
            
<tr>
  <td class="method">
                  verifyUserShouldNavigateToComponentsPageSuccessfully
      </td>
  <td class="duration">
    0.799s
  </td>
  <td class="result">
        
    
        

      </td>
</tr>
<tr>
  <td class="method">
                  verifyUserShouldNavigateToDesktopsPageSuccessfully
      </td>
  <td class="duration">
    1.240s
  </td>
  <td class="result">
        
    
        

      </td>
</tr>
<tr>
  <td class="method">
                  verifyUserShouldNavigateToLaptopsAndNotebooksPageSuccessfully
      </td>
  <td class="duration">
    1.150s
  </td>
  <td class="result">
        
    
        

      </td>
</tr>
          <tr>
        <td colspan="3" class="group">com.tutorial.demo.testsuite.LaptopAndNotebooksTest</td>
      </tr>
            
<tr>
  <td class="method">
                  verifyProductsPriceDisplayHighToLowSuccessfully
      </td>
  <td class="duration">
    1.824s
  </td>
  <td class="result">
        
    
        

      </td>
</tr>
          <tr>
        <td colspan="3" class="group">com.tutorial.demo.testsuite.MyAccountTest</td>
      </tr>
            
<tr>
  <td class="method">
                  verifyThatUserShouldLoginAndLogoutSuccessfully
      </td>
  <td class="duration">
    2.253s
  </td>
  <td class="result">
        
    
        

      </td>
</tr>
<tr>
  <td class="method">
                  verifyUserShouldNavigateToLoginPageSuccessfully
      </td>
  <td class="duration">
    0.626s
  </td>
  <td class="result">
        
    
        

      </td>
</tr>
<tr>
  <td class="method">
                  verifyUserShouldNavigateToRegisterPageSuccessfully
      </td>
  <td class="duration">
    21.114s
  </td>
  <td class="result">
        
    
        

      </td>
</tr>
      </table>
  
</body>
</html>
