<!DOCTYPE html PUBLIC "-//W3C//DTD XHTML 1.1//EN" "https://www.w3.org/TR/xhtml11/DTD/xhtml11.dtd">
<html xmlns="https://www.w3.org/1999/xhtml">
<head>
<meta http-equiv="content-type" content="text/html; charset=UTF-8"/>
<title>TestNG Report</title>
<style type="text/css">table {margin-bottom:10px;border-collapse:collapse;empty-cells:show}th,td {border:1px solid #009;padding:.25em .5em}th {vertical-align:bottom}td {vertical-align:top}table a {font-weight:bold}.stripe td {background-color: #E6EBF9}.num {text-align:right}.passedodd td {background-color: #3F3}.passedeven td {background-color: #0A0}.skippedodd td {background-color: #DDD}.skippedeven td {background-color: #CCC}.failedodd td,.attn {background-color: #F33}.failedeven td,.stripe .attn {background-color: #D00}.stacktrace {white-space:pre;font-family:monospace}.totop {font-size:85%;text-align:center;border-bottom:2px solid #000}.invisible {display:none}</style>
</head>
<body>
<table>
<tr><th>Test</th><th># Passed</th><th># Skipped</th><th># Retried</th><th># Failed</th><th>Time (ms)</th><th>Included Groups</th><th>Excluded Groups</th></tr>
<tr><th colspan="8">testsuite</th></tr>
<tr><td><a href="#t0">Desktop Test</a></td><td class="num">9</td><td class="num">0</td><td class="num">0</td><td class="num attn">2</td><td class="num">178,462</td><td></td><td></td></tr>
</table>
<table id='summary'><thead><tr><th>Class</th><th>Method</th><th>Start</th><th>Time (ms)</th></tr></thead><tbody><tr><th colspan="4">testsuite</th></tr></tbody><tbody id="t0"><tr><th colspan="4">Desktop Test &#8212; failed</th></tr><tr class="failedeven"><td rowspan="1">com.tutorial.demo.testsuite.LaptopAndNotebooksTest</td><td><a href="#m0">verifyThatUserPlaceOrderSuccessfully</a></td><td rowspan="1">1670966245259</td><td rowspan="1">11523</td></tr><tr class="failedodd"><td rowspan="1">com.tutorial.demo.testsuite.MyAccountTest</td><td><a href="#m1">verifyThatUserRegisterAccountSuccessfully</a></td><td rowspan="1">1670966263468</td><td rowspan="1">42539</td></tr><tr><th colspan="4">Desktop Test &#8212; passed</th></tr><tr class="passedeven"><td rowspan="2">com.tutorial.demo.testsuite.DesktopTest</td><td><a href="#m2">verifyProductAddedToShoppingCartSuccessFully</a></td><td rowspan="1">1670966178582</td><td rowspan="1">26370</td></tr><tr class="passedeven"><td><a href="#m3">verifyProductArrangeInAlphabeticalOrder</a></td><td rowspan="1">1670966210600</td><td rowspan="1">2499</td></tr><tr class="passedodd"><td rowspan="3">com.tutorial.demo.testsuite.HomePageTest</td><td><a href="#m4">verifyUserShouldNavigateToComponentsPageSuccessfully</a></td><td rowspan="1">1670966218064</td><td rowspan="1">799</td></tr><tr class="passedodd"><td><a href="#m5">verifyUserShouldNavigateToDesktopsPageSuccessfully</a></td><td rowspan="1">1670966224083</td><td rowspan="1">1240</td></tr><tr class="passedodd"><td><a href="#m6">verifyUserShouldNavigateToLaptopsAndNotebooksPageSuccessfully</a></td><td rowspan="1">1670966231912</td><td rowspan="1">1150</td></tr><tr class="passedeven"><td rowspan="1">com.tutorial.demo.testsuite.LaptopAndNotebooksTest</td><td><a href="#m7">verifyProductsPriceDisplayHighToLowSuccessfully</a></td><td rowspan="1">1670966238434</td><td rowspan="1">1824</td></tr><tr class="passedodd"><td rowspan="3">com.tutorial.demo.testsuite.MyAccountTest</td><td><a href="#m8">verifyThatUserShouldLoginAndLogoutSuccessfully</a></td><td rowspan="1">1670966311173</td><td rowspan="1">2253</td></tr><tr class="passedodd"><td><a href="#m9">verifyUserShouldNavigateToLoginPageSuccessfully</a></td><td rowspan="1">1670966319189</td><td rowspan="1">626</td></tr><tr class="passedodd"><td><a href="#m10">verifyUserShouldNavigateToRegisterPageSuccessfully</a></td><td rowspan="1">1670966324417</td><td rowspan="1">21114</td></tr></tbody>
</table>
<h2>Desktop Test</h2><h3 id="m0">com.tutorial.demo.testsuite.LaptopAndNotebooksTest#verifyThatUserPlaceOrderSuccessfully</h3><table class="result"><tr><th>Messages</th></tr><tr><td><div class="messages">Click to see screenshot<br/><a target = "_blank" href=C:\Users\Manas Vibhakar\IdeaProjects\tutpftv/test-output/html/verifyThatUserPlaceOrderSuccessfullyTue_Dec_13_21_17_37_GMT_2022.jpg>Screenshot</a><br/><br><br/><br><br/><a target = "_blank" href=C:\Users\Manas Vibhakar\IdeaProjects\tutpftv/test-output/html/verifyThatUserPlaceOrderSuccessfullyTue_Dec_13_21_17_37_GMT_2022.jpg><img src=C:\Users\Manas Vibhakar\IdeaProjects\tutpftv/test-output/html/verifyThatUserPlaceOrderSuccessfullyTue_Dec_13_21_17_37_GMT_2022.jpg height=200 width=200></img></a></div></td></tr><tr><th>Exception</th></tr><tr><td><div class="stacktrace">java.lang.AssertionError: Error Message not displayed expected [New Customer] but found []
	at com.tutorial.demo.testsuite.LaptopAndNotebooksTest.verifyThatUserPlaceOrderSuccessfully(LaptopAndNotebooksTest.java:74)
	at java.util.ArrayList.forEach(ArrayList.java:1249)
	at com.intellij.rt.testng.IDEARemoteTestNG.run(IDEARemoteTestNG.java:66)
	at com.intellij.rt.testng.RemoteTestNGStarter.main(RemoteTestNGStarter.java:109)
... Removed 29 stack frames</div></td></tr></table><p class="totop"><a href="#summary">back to summary</a></p>
<h3 id="m1">com.tutorial.demo.testsuite.MyAccountTest#verifyThatUserRegisterAccountSuccessfully</h3><table class="result"><tr><th>Messages</th></tr><tr><td><div class="messages">Click to see screenshot<br/><a target = "_blank" href=C:\Users\Manas Vibhakar\IdeaProjects\tutpftv/test-output/html/verifyThatUserRegisterAccountSuccessfullyTue_Dec_13_21_18_26_GMT_2022.jpg>Screenshot</a><br/><br><br/><br><br/><a target = "_blank" href=C:\Users\Manas Vibhakar\IdeaProjects\tutpftv/test-output/html/verifyThatUserRegisterAccountSuccessfullyTue_Dec_13_21_18_26_GMT_2022.jpg><img src=C:\Users\Manas Vibhakar\IdeaProjects\tutpftv/test-output/html/verifyThatUserRegisterAccountSuccessfullyTue_Dec_13_21_18_26_GMT_2022.jpg height=200 width=200></img></a></div></td></tr><tr><th>Exception</th></tr><tr><td><div class="stacktrace">org.openqa.selenium.NoSuchElementException: no such element: Unable to locate element: {&quot;method&quot;:&quot;xpath&quot;,&quot;selector&quot;:&quot;//h1[contains(text(),&apos;Your Account Has Been Created!&apos;)]&quot;}
  (Session info: chrome=108.0.5359.99)
For documentation on this error, please visit: https://selenium.dev/exceptions/#no_such_element
Build info: version: &apos;4.6.0&apos;, revision: &apos;79f1c02ae20&apos;
System info: os.name: &apos;Windows 10&apos;, os.arch: &apos;amd64&apos;, os.version: &apos;10.0&apos;, java.version: &apos;1.8.0_121&apos;
Driver info: org.openqa.selenium.chrome.ChromeDriver
Command: [6fc351cfbdbe6deaf88df82bd700ebd4, findElement {using=xpath, value=//h1[contains(text(),&apos;Your Account Has Been Created!&apos;)]}]
Capabilities {acceptInsecureCerts: false, browserName: chrome, browserVersion: 108.0.5359.99, chrome: {chromedriverVersion: 108.0.5359.71 (1e0e3868ee06..., userDataDir: C:\Users\MANASV~1\AppData\L...}, goog:chromeOptions: {debuggerAddress: localhost:50217}, networkConnectionEnabled: false, pageLoadStrategy: normal, platformName: WINDOWS, proxy: Proxy(), se:cdp: ws://localhost:50217/devtoo..., se:cdpVersion: 108.0.5359.99, setWindowRect: true, strictFileInteractability: false, timeouts: {implicit: 0, pageLoad: 300000, script: 30000}, unhandledPromptBehavior: dismiss and notify, webauthn:extension:credBlob: true, webauthn:extension:largeBlob: true, webauthn:virtualAuthenticators: true}
Session ID: 6fc351cfbdbe6deaf88df82bd700ebd4
	at org.openqa.selenium.remote.codec.w3c.W3CHttpResponseCodec.createException(W3CHttpResponseCodec.java:200)
	at org.openqa.selenium.remote.codec.w3c.W3CHttpResponseCodec.decode(W3CHttpResponseCodec.java:133)
	at org.openqa.selenium.remote.codec.w3c.W3CHttpResponseCodec.decode(W3CHttpResponseCodec.java:53)
	at org.openqa.selenium.remote.HttpCommandExecutor.execute(HttpCommandExecutor.java:184)
	at org.openqa.selenium.remote.service.DriverCommandExecutor.invokeExecute(DriverCommandExecutor.java:167)
	at org.openqa.selenium.remote.service.DriverCommandExecutor.execute(DriverCommandExecutor.java:142)
	at org.openqa.selenium.remote.RemoteWebDriver.execute(RemoteWebDriver.java:541)
	at org.openqa.selenium.remote.ElementLocation$ElementFinder$2.findElement(ElementLocation.java:162)
	at org.openqa.selenium.remote.ElementLocation.findElement(ElementLocation.java:60)
	at org.openqa.selenium.remote.RemoteWebDriver.findElement(RemoteWebDriver.java:365)
	at org.openqa.selenium.remote.RemoteWebDriver.findElement(RemoteWebDriver.java:357)
	at org.openqa.selenium.support.pagefactory.DefaultElementLocator.findElement(DefaultElementLocator.java:70)
	at org.openqa.selenium.support.pagefactory.internal.LocatingElementHandler.invoke(LocatingElementHandler.java:39)
	at com.sun.proxy.$Proxy14.getText(Unknown Source)
	at com.tutorial.demo.utility.Utility.getTextFromElement(Utility.java:64)
	at com.tutorial.demo.pages.MyAccount.getVerifyMessage(MyAccount.java:99)
	at com.tutorial.demo.testsuite.MyAccountTest.verifyThatUserRegisterAccountSuccessfully(MyAccountTest.java:57)
	at java.util.ArrayList.forEach(ArrayList.java:1249)
	at com.intellij.rt.testng.IDEARemoteTestNG.run(IDEARemoteTestNG.java:66)
	at com.intellij.rt.testng.RemoteTestNGStarter.main(RemoteTestNGStarter.java:109)
... Removed 28 stack frames</div></td></tr></table><p class="totop"><a href="#summary">back to summary</a></p>
<h3 id="m2">com.tutorial.demo.testsuite.DesktopTest#verifyProductAddedToShoppingCartSuccessFully</h3><table class="result"><tr><th class="invisible"/></tr></table><p class="totop"><a href="#summary">back to summary</a></p>
<h3 id="m3">com.tutorial.demo.testsuite.DesktopTest#verifyProductArrangeInAlphabeticalOrder</h3><table class="result"><tr><th class="invisible"/></tr></table><p class="totop"><a href="#summary">back to summary</a></p>
<h3 id="m4">com.tutorial.demo.testsuite.HomePageTest#verifyUserShouldNavigateToComponentsPageSuccessfully</h3><table class="result"><tr><th class="invisible"/></tr></table><p class="totop"><a href="#summary">back to summary</a></p>
<h3 id="m5">com.tutorial.demo.testsuite.HomePageTest#verifyUserShouldNavigateToDesktopsPageSuccessfully</h3><table class="result"><tr><th class="invisible"/></tr></table><p class="totop"><a href="#summary">back to summary</a></p>
<h3 id="m6">com.tutorial.demo.testsuite.HomePageTest#verifyUserShouldNavigateToLaptopsAndNotebooksPageSuccessfully</h3><table class="result"><tr><th class="invisible"/></tr></table><p class="totop"><a href="#summary">back to summary</a></p>
<h3 id="m7">com.tutorial.demo.testsuite.LaptopAndNotebooksTest#verifyProductsPriceDisplayHighToLowSuccessfully</h3><table class="result"><tr><th class="invisible"/></tr></table><p class="totop"><a href="#summary">back to summary</a></p>
<h3 id="m8">com.tutorial.demo.testsuite.MyAccountTest#verifyThatUserShouldLoginAndLogoutSuccessfully</h3><table class="result"><tr><th class="invisible"/></tr></table><p class="totop"><a href="#summary">back to summary</a></p>
<h3 id="m9">com.tutorial.demo.testsuite.MyAccountTest#verifyUserShouldNavigateToLoginPageSuccessfully</h3><table class="result"><tr><th class="invisible"/></tr></table><p class="totop"><a href="#summary">back to summary</a></p>
<h3 id="m10">com.tutorial.demo.testsuite.MyAccountTest#verifyUserShouldNavigateToRegisterPageSuccessfully</h3><table class="result"><tr><th class="invisible"/></tr></table><p class="totop"><a href="#summary">back to summary</a></p>
</body>
</html>
